Build started 11/19/2013 3:22:13 PM.
     1>Project "\\banner.main.ad.rit.edu\students\rbv7405\IGMProfile\Desktop\GitHub\CatBowling\CatBowling\Solution\Solution.vcxproj" on node 2 (Build target(s)).
     1>ClCompile:
         C:\Program Files (x86)\Microsoft Visual Studio 11.0\VC\bin\CL.exe /c /I\\banner.main.ad.rit.edu\students\rbv7405\IGMProfile\Desktop\GitHub\CatBowling\CatBowling\include /I\\banner.main.ad.rit.edu\students\rbv7405\IGMProfile\Desktop\GitHub\CatBowling\CatBowling\include\x86\include\ /ZI /nologo /W3 /WX- /Od /Oy- /D DEBUG /D _MBCS /D _MBCS /Gm /EHsc /RTC1 /MDd /GS /fp:precise /Zc:wchar_t /Zc:forScope /Fo"\\banner.main.ad.rit.edu\students\rbv7405\IGMProfile\Desktop\GitHub\CatBowling\CatBowling\Z_DELETE\SolutionCPP\Debug\\" /Fd"\\banner.main.ad.rit.edu\students\rbv7405\IGMProfile\Desktop\GitHub\CatBowling\CatBowling\Z_DELETE\SolutionCPP\Debug\vc110.pdb" /Gd /TP /analyze- /errorReport:prompt Polyhedron.cpp
         Polyhedron.cpp
     1>\\banner.main.ad.rit.edu\students\rbv7405\igmprofile\desktop\github\catbowling\catbowling\solution\mat.h(132): warning C4172: returning address of local variable or temporary
     1>\\banner.main.ad.rit.edu\students\rbv7405\igmprofile\desktop\github\catbowling\catbowling\solution\mat.h(312): warning C4172: returning address of local variable or temporary
     1>\\banner.main.ad.rit.edu\students\rbv7405\igmprofile\desktop\github\catbowling\catbowling\solution\mat.h(502): warning C4172: returning address of local variable or temporary
     1>\\banner.main.ad.rit.edu\students\rbv7405\igmprofile\desktop\github\catbowling\catbowling\solution\polyhedron.cpp(110): warning C4305: 'argument' : truncation from 'double' to 'GLfloat'
     1>\\banner.main.ad.rit.edu\students\rbv7405\igmprofile\desktop\github\catbowling\catbowling\solution\polyhedron.cpp(138): warning C4244: '=' : conversion from 'GLint' to 'GLfloat', possible loss of data
     1>\\banner.main.ad.rit.edu\students\rbv7405\igmprofile\desktop\github\catbowling\catbowling\solution\polyhedron.cpp(139): warning C4244: '=' : conversion from 'GLint' to 'GLfloat', possible loss of data
     1>\\banner.main.ad.rit.edu\students\rbv7405\igmprofile\desktop\github\catbowling\catbowling\solution\polyhedron.cpp(140): warning C4244: '=' : conversion from 'GLint' to 'GLfloat', possible loss of data
     1>\\banner.main.ad.rit.edu\students\rbv7405\igmprofile\desktop\github\catbowling\catbowling\solution\polyhedron.cpp(142): warning C4244: '=' : conversion from 'GLint' to 'GLfloat', possible loss of data
     1>\\banner.main.ad.rit.edu\students\rbv7405\igmprofile\desktop\github\catbowling\catbowling\solution\polyhedron.cpp(143): warning C4244: '=' : conversion from 'GLint' to 'GLfloat', possible loss of data
     1>\\banner.main.ad.rit.edu\students\rbv7405\igmprofile\desktop\github\catbowling\catbowling\solution\polyhedron.cpp(144): warning C4244: '=' : conversion from 'GLint' to 'GLfloat', possible loss of data
     1>\\banner.main.ad.rit.edu\students\rbv7405\igmprofile\desktop\github\catbowling\catbowling\solution\polyhedron.cpp(145): warning C4244: '=' : conversion from 'GLint' to 'GLfloat', possible loss of data
     1>\\banner.main.ad.rit.edu\students\rbv7405\igmprofile\desktop\github\catbowling\catbowling\solution\polyhedron.cpp(263): warning C4244: 'argument' : conversion from 'GLfloat' to 'GLint', possible loss of data
     1>\\banner.main.ad.rit.edu\students\rbv7405\igmprofile\desktop\github\catbowling\catbowling\solution\polyhedron.cpp(264): warning C4244: 'argument' : conversion from 'GLfloat' to 'GLint', possible loss of data
     1>\\banner.main.ad.rit.edu\students\rbv7405\igmprofile\desktop\github\catbowling\catbowling\solution\polyhedron.cpp(265): warning C4244: 'argument' : conversion from 'GLfloat' to 'GLint', possible loss of data
       Link:
         C:\Program Files (x86)\Microsoft Visual Studio 11.0\VC\bin\link.exe /ERRORREPORT:PROMPT /OUT:"\\banner.main.ad.rit.edu\students\rbv7405\IGMProfile\Desktop\GitHub\CatBowling\CatBowling\Z_DELETE\SolutionCPP_d.exe" /INCREMENTAL /NOLOGO glew32.lib freeglut.lib kernel32.lib user32.lib gdi32.lib winspool.lib comdlg32.lib advapi32.lib shell32.lib ole32.lib oleaut32.lib uuid.lib odbc32.lib odbccp32.lib /MANIFEST /MANIFESTUAC:"level='asInvoker' uiAccess='false'" /manifest:embed /DEBUG /PDB:"\\banner.main.ad.rit.edu\students\rbv7405\IGMProfile\Desktop\GitHub\CatBowling\CatBowling\Z_DELETE\SolutionCPP_d.pdb" /TLBID:1 /DYNAMICBASE /NXCOMPAT /IMPLIB:"\\banner.main.ad.rit.edu\students\rbv7405\IGMProfile\Desktop\GitHub\CatBowling\CatBowling\Z_DELETE\SolutionCPP_d.lib" /MACHINE:X86 \\banner.main.ad.rit.edu\students\rbv7405\IGMProfile\Desktop\GitHub\CatBowling\CatBowling\Z_DELETE\SolutionCPP\Debug\ICON.res
         \\banner.main.ad.rit.edu\students\rbv7405\IGMProfile\Desktop\GitHub\CatBowling\CatBowling\Z_DELETE\SolutionCPP\Debug\Cube.obj
         \\banner.main.ad.rit.edu\students\rbv7405\IGMProfile\Desktop\GitHub\CatBowling\CatBowling\Z_DELETE\SolutionCPP\Debug\InitShader.obj
         \\banner.main.ad.rit.edu\students\rbv7405\IGMProfile\Desktop\GitHub\CatBowling\CatBowling\Z_DELETE\SolutionCPP\Debug\main.obj
         \\banner.main.ad.rit.edu\students\rbv7405\IGMProfile\Desktop\GitHub\CatBowling\CatBowling\Z_DELETE\SolutionCPP\Debug\Octahedron.obj
         \\banner.main.ad.rit.edu\students\rbv7405\IGMProfile\Desktop\GitHub\CatBowling\CatBowling\Z_DELETE\SolutionCPP\Debug\PolyController.obj
         \\banner.main.ad.rit.edu\students\rbv7405\IGMProfile\Desktop\GitHub\CatBowling\CatBowling\Z_DELETE\SolutionCPP\Debug\Polyhedron.obj
         \\banner.main.ad.rit.edu\students\rbv7405\IGMProfile\Desktop\GitHub\CatBowling\CatBowling\Z_DELETE\SolutionCPP\Debug\Tetrahedron.obj
         Solution.vcxproj -> \\banner.main.ad.rit.edu\students\rbv7405\IGMProfile\Desktop\GitHub\CatBowling\CatBowling\Z_DELETE\SolutionCPP_d.exe
       PostBuildEvent:
         mkdir “\\banner.main.ad.rit.edu\students\rbv7405\IGMProfile\Desktop\GitHub\CatBowling\CatBowling\_Binary\”
         mkdir “\\banner.main.ad.rit.edu\students\rbv7405\IGMProfile\Desktop\GitHub\CatBowling\CatBowling\_Binary\Shaders\”
         copy “\\banner.main.ad.rit.edu\students\rbv7405\IGMProfile\Desktop\GitHub\CatBowling\CatBowling\Z_DELETE\SolutionCPP_d.exe” “\\banner.main.ad.rit.edu\students\rbv7405\IGMProfile\Desktop\GitHub\CatBowling\CatBowling\_Binary”
         xcopy "\\banner.main.ad.rit.edu\students\rbv7405\IGMProfile\Desktop\GitHub\CatBowling\CatBowling\include\GL\x86\bin" "\\banner.main.ad.rit.edu\students\rbv7405\IGMProfile\Desktop\GitHub\CatBowling\CatBowling\_Binary" /y
         xcopy "\\banner.main.ad.rit.edu\students\rbv7405\IGMProfile\Desktop\GitHub\CatBowling\CatBowling\Solution\Shaders" "\\banner.main.ad.rit.edu\students\rbv7405\IGMProfile\Desktop\GitHub\CatBowling\CatBowling\_Binary\Shaders" /y
         :VCEnd
         A subdirectory or file \\banner.main.ad.rit.edu\students\rbv7405\IGMProfile\Desktop\GitHub\CatBowling\CatBowling\_Binary\ already exists.
         A subdirectory or file \\banner.main.ad.rit.edu\students\rbv7405\IGMProfile\Desktop\GitHub\CatBowling\CatBowling\_Binary\Shaders\ already exists.
                 1 file(s) copied.
         \\banner.main.ad.rit.edu\students\rbv7405\IGMProfile\Desktop\GitHub\CatBowling\CatBowling\include\GL\x86\bin\GLFW.dll
         \\banner.main.ad.rit.edu\students\rbv7405\IGMProfile\Desktop\GitHub\CatBowling\CatBowling\include\GL\x86\bin\freeglut.dll
         \\banner.main.ad.rit.edu\students\rbv7405\IGMProfile\Desktop\GitHub\CatBowling\CatBowling\include\GL\x86\bin\glew32.dll
         \\banner.main.ad.rit.edu\students\rbv7405\IGMProfile\Desktop\GitHub\CatBowling\CatBowling\include\GL\x86\bin\glew32mx.dll
         4 File(s) copied
         \\banner.main.ad.rit.edu\students\rbv7405\IGMProfile\Desktop\GitHub\CatBowling\CatBowling\Solution\Shaders\fshader.glsl
         \\banner.main.ad.rit.edu\students\rbv7405\IGMProfile\Desktop\GitHub\CatBowling\CatBowling\Solution\Shaders\vshader.glsl
         \\banner.main.ad.rit.edu\students\rbv7405\IGMProfile\Desktop\GitHub\CatBowling\CatBowling\Solution\Shaders\Basic.fs
         \\banner.main.ad.rit.edu\students\rbv7405\IGMProfile\Desktop\GitHub\CatBowling\CatBowling\Solution\Shaders\Basic.vs
         \\banner.main.ad.rit.edu\students\rbv7405\IGMProfile\Desktop\GitHub\CatBowling\CatBowling\Solution\Shaders\Basic2.vs
         5 File(s) copied
     1>Done Building Project "\\banner.main.ad.rit.edu\students\rbv7405\IGMProfile\Desktop\GitHub\CatBowling\CatBowling\Solution\Solution.vcxproj" (Build target(s)).

Build succeeded.

Time Elapsed 00:00:19.92
