\\BANNER.MAIN.AD.RIT.EDU\STUDENTS\RBV7405\IGMPROFILE\DESKTOP\GITHUB\CATBOWLING\CATBOWLING\Z_DELETE\SOLUTIONCPP\DEBUG\CUBE.OBJ
\\BANNER.MAIN.AD.RIT.EDU\STUDENTS\RBV7405\IGMPROFILE\DESKTOP\GITHUB\CATBOWLING\CATBOWLING\Z_DELETE\SOLUTIONCPP\DEBUG\INITSHADER.OBJ
\\BANNER.MAIN.AD.RIT.EDU\STUDENTS\RBV7405\IGMPROFILE\DESKTOP\GITHUB\CATBOWLING\CATBOWLING\Z_DELETE\SOLUTIONCPP\DEBUG\MAIN.OBJ
\\BANNER.MAIN.AD.RIT.EDU\STUDENTS\RBV7405\IGMPROFILE\DESKTOP\GITHUB\CATBOWLING\CATBOWLING\Z_DELETE\SOLUTIONCPP\DEBUG\OCTAHEDRON.OBJ
\\BANNER.MAIN.AD.RIT.EDU\STUDENTS\RBV7405\IGMPROFILE\DESKTOP\GITHUB\CATBOWLING\CATBOWLING\Z_DELETE\SOLUTIONCPP\DEBUG\POLYCONTROLLER.OBJ
\\BANNER.MAIN.AD.RIT.EDU\STUDENTS\RBV7405\IGMPROFILE\DESKTOP\GITHUB\CATBOWLING\CATBOWLING\Z_DELETE\SOLUTIONCPP\DEBUG\POLYHEDRON.OBJ
\\BANNER.MAIN.AD.RIT.EDU\STUDENTS\RBV7405\IGMPROFILE\DESKTOP\GITHUB\CATBOWLING\CATBOWLING\Z_DELETE\SOLUTIONCPP\DEBUG\TETRAHEDRON.OBJ
\\BANNER.MAIN.AD.RIT.EDU\STUDENTS\RBV7405\IGMPROFILE\DESKTOP\GITHUB\CATBOWLING\CATBOWLING\Z_DELETE\SOLUTIONCPP\DEBUG\VC110.PDB
\\BANNER.MAIN.AD.RIT.EDU\STUDENTS\RBV7405\IGMPROFILE\DESKTOP\GITHUB\CATBOWLING\CATBOWLING\Z_DELETE\SOLUTIONCPP\DEBUG\ICON.RES
\\BANNER.MAIN.AD.RIT.EDU\STUDENTS\RBV7405\IGMPROFILE\DESKTOP\GITHUB\CATBOWLING\CATBOWLING\Z_DELETE\SOLUTIONCPP_D.ILK
\\BANNER.MAIN.AD.RIT.EDU\STUDENTS\RBV7405\IGMPROFILE\DESKTOP\GITHUB\CATBOWLING\CATBOWLING\Z_DELETE\SOLUTIONCPP_D.EXE
\\BANNER.MAIN.AD.RIT.EDU\STUDENTS\RBV7405\IGMPROFILE\DESKTOP\GITHUB\CATBOWLING\CATBOWLING\Z_DELETE\SOLUTIONCPP_D.PDB
\\banner.main.ad.rit.edu\students\rbv7405\IGMProfile\Desktop\GitHub\CatBowling\CatBowling\Z_DELETE\SolutionCPP\Debug\Cube.obj
\\banner.main.ad.rit.edu\students\rbv7405\IGMProfile\Desktop\GitHub\CatBowling\CatBowling\Z_DELETE\SolutionCPP\Debug\InitShader.obj
\\banner.main.ad.rit.edu\students\rbv7405\IGMProfile\Desktop\GitHub\CatBowling\CatBowling\Z_DELETE\SolutionCPP\Debug\main.obj
\\banner.main.ad.rit.edu\students\rbv7405\IGMProfile\Desktop\GitHub\CatBowling\CatBowling\Z_DELETE\SolutionCPP\Debug\Octahedron.obj
\\banner.main.ad.rit.edu\students\rbv7405\IGMProfile\Desktop\GitHub\CatBowling\CatBowling\Z_DELETE\SolutionCPP\Debug\PolyController.obj
\\banner.main.ad.rit.edu\students\rbv7405\IGMProfile\Desktop\GitHub\CatBowling\CatBowling\Z_DELETE\SolutionCPP\Debug\Polyhedron.obj
\\banner.main.ad.rit.edu\students\rbv7405\IGMProfile\Desktop\GitHub\CatBowling\CatBowling\Z_DELETE\SolutionCPP\Debug\Tetrahedron.obj
\\banner.main.ad.rit.edu\students\rbv7405\IGMProfile\Desktop\GitHub\CatBowling\CatBowling\Z_DELETE\SolutionCPP\Debug\CL.read.1.tlog
\\banner.main.ad.rit.edu\students\rbv7405\IGMProfile\Desktop\GitHub\CatBowling\CatBowling\Z_DELETE\SolutionCPP\Debug\CL.write.1.tlog
\\banner.main.ad.rit.edu\students\rbv7405\IGMProfile\Desktop\GitHub\CatBowling\CatBowling\Z_DELETE\SolutionCPP\Debug\cl.command.1.tlog
\\banner.main.ad.rit.edu\students\rbv7405\IGMProfile\Desktop\GitHub\CatBowling\CatBowling\Z_DELETE\SolutionCPP\Debug\rc.read.1.tlog
\\banner.main.ad.rit.edu\students\rbv7405\IGMProfile\Desktop\GitHub\CatBowling\CatBowling\Z_DELETE\SolutionCPP\Debug\rc.write.1.tlog
\\banner.main.ad.rit.edu\students\rbv7405\IGMProfile\Desktop\GitHub\CatBowling\CatBowling\Z_DELETE\SolutionCPP\Debug\rc.command.1.tlog
\\banner.main.ad.rit.edu\students\rbv7405\IGMProfile\Desktop\GitHub\CatBowling\CatBowling\Z_DELETE\SolutionCPP\Debug\link-rc.read.1.tlog
\\banner.main.ad.rit.edu\students\rbv7405\IGMProfile\Desktop\GitHub\CatBowling\CatBowling\Z_DELETE\SolutionCPP\Debug\link-rc.write.1.tlog
\\banner.main.ad.rit.edu\students\rbv7405\IGMProfile\Desktop\GitHub\CatBowling\CatBowling\Z_DELETE\SolutionCPP\Debug\link-cvtres.read.1.tlog
\\banner.main.ad.rit.edu\students\rbv7405\IGMProfile\Desktop\GitHub\CatBowling\CatBowling\Z_DELETE\SolutionCPP\Debug\link-cvtres.write.1.tlog
\\banner.main.ad.rit.edu\students\rbv7405\IGMProfile\Desktop\GitHub\CatBowling\CatBowling\Z_DELETE\SolutionCPP\Debug\link.read.1.tlog
\\banner.main.ad.rit.edu\students\rbv7405\IGMProfile\Desktop\GitHub\CatBowling\CatBowling\Z_DELETE\SolutionCPP\Debug\link.write.1.tlog
\\banner.main.ad.rit.edu\students\rbv7405\IGMProfile\Desktop\GitHub\CatBowling\CatBowling\Z_DELETE\SolutionCPP\Debug\link.command.1.tlog
\\banner.main.ad.rit.edu\students\rbv7405\IGMProfile\Desktop\GitHub\CatBowling\CatBowling\Z_DELETE\SolutionCPP\Debug\ICON.res
\\banner.main.ad.rit.edu\students\rbv7405\IGMProfile\Desktop\GitHub\CatBowling\CatBowling\Z_DELETE\SolutionCPP\Debug\vc110.idb
\\banner.main.ad.rit.edu\students\rbv7405\IGMProfile\Desktop\GitHub\CatBowling\CatBowling\Z_DELETE\SolutionCPP\Debug\vc110.pdb
\\banner.main.ad.rit.edu\students\rbv7405\IGMProfile\Desktop\GitHub\CatBowling\CatBowling\Z_DELETE\SolutionCPP_d.pdb
\\banner.main.ad.rit.edu\students\rbv7405\IGMProfile\Desktop\GitHub\CatBowling\CatBowling\Z_DELETE\SolutionCPP_d.exe
\\banner.main.ad.rit.edu\students\rbv7405\IGMProfile\Desktop\GitHub\CatBowling\CatBowling\Z_DELETE\SolutionCPP_d.ilk
