Build started 11/14/2013 9:58:12 AM.
     1>Project "\\banner.main.ad.rit.edu\students\rbv7405\IGMProfile\Desktop\GitHub\GeometryWarz\GeometryWarz\Example1\Example1.vcxproj" on node 2 (Build target(s)).
     1>ClCompile:
         C:\Program Files (x86)\Microsoft Visual Studio 11.0\VC\bin\CL.exe /c /ZI /nologo /W3 /WX- /Od /Oy- /D _MBCS /Gm /EHsc /RTC1 /MDd /GS /fp:precise /Zc:wchar_t /Zc:forScope /Fo"Debug\\" /Fd"Debug\vc110.pdb" /Gd /TP /analyze- /errorReport:prompt Polyhedron.cpp
         Polyhedron.cpp
     1>\\banner.main.ad.rit.edu\students\rbv7405\igmprofile\desktop\github\geometrywarz\geometrywarz\example1\polyhedron.cpp(39): warning C4305: 'argument' : truncation from 'double' to 'GLfloat'
     1>\\banner.main.ad.rit.edu\students\rbv7405\igmprofile\desktop\github\geometrywarz\geometrywarz\example1\polyhedron.cpp(67): warning C4244: '=' : conversion from 'GLint' to 'GLfloat', possible loss of data
     1>\\banner.main.ad.rit.edu\students\rbv7405\igmprofile\desktop\github\geometrywarz\geometrywarz\example1\polyhedron.cpp(68): warning C4244: '=' : conversion from 'GLint' to 'GLfloat', possible loss of data
     1>\\banner.main.ad.rit.edu\students\rbv7405\igmprofile\desktop\github\geometrywarz\geometrywarz\example1\polyhedron.cpp(69): warning C4244: '=' : conversion from 'GLint' to 'GLfloat', possible loss of data
     1>\\banner.main.ad.rit.edu\students\rbv7405\igmprofile\desktop\github\geometrywarz\geometrywarz\example1\polyhedron.cpp(71): warning C4244: '=' : conversion from 'GLint' to 'GLfloat', possible loss of data
     1>\\banner.main.ad.rit.edu\students\rbv7405\igmprofile\desktop\github\geometrywarz\geometrywarz\example1\polyhedron.cpp(72): warning C4244: '=' : conversion from 'GLint' to 'GLfloat', possible loss of data
     1>\\banner.main.ad.rit.edu\students\rbv7405\igmprofile\desktop\github\geometrywarz\geometrywarz\example1\polyhedron.cpp(73): warning C4244: '=' : conversion from 'GLint' to 'GLfloat', possible loss of data
     1>\\banner.main.ad.rit.edu\students\rbv7405\igmprofile\desktop\github\geometrywarz\geometrywarz\example1\polyhedron.cpp(74): warning C4244: '=' : conversion from 'GLint' to 'GLfloat', possible loss of data
     1>\\banner.main.ad.rit.edu\students\rbv7405\igmprofile\desktop\github\geometrywarz\geometrywarz\example1\polyhedron.cpp(193): warning C4244: 'argument' : conversion from 'GLfloat' to 'GLint', possible loss of data
     1>\\banner.main.ad.rit.edu\students\rbv7405\igmprofile\desktop\github\geometrywarz\geometrywarz\example1\polyhedron.cpp(194): warning C4244: 'argument' : conversion from 'GLfloat' to 'GLint', possible loss of data
     1>\\banner.main.ad.rit.edu\students\rbv7405\igmprofile\desktop\github\geometrywarz\geometrywarz\example1\polyhedron.cpp(195): warning C4244: 'argument' : conversion from 'GLfloat' to 'GLint', possible loss of data
       Link:
         C:\Program Files (x86)\Microsoft Visual Studio 11.0\VC\bin\link.exe /ERRORREPORT:PROMPT /OUT:"\\banner.main.ad.rit.edu\students\rbv7405\IGMProfile\Desktop\GitHub\GeometryWarz\GeometryWarz\Debug\Perspective.exe" /INCREMENTAL /NOLOGO glew32.lib freeglut.lib kernel32.lib user32.lib gdi32.lib winspool.lib comdlg32.lib advapi32.lib shell32.lib ole32.lib oleaut32.lib uuid.lib odbc32.lib odbccp32.lib /MANIFEST /MANIFESTUAC:"level='asInvoker' uiAccess='false'" /manifest:embed /DEBUG /PDB:"\\banner.main.ad.rit.edu\students\rbv7405\IGMProfile\Desktop\GitHub\GeometryWarz\GeometryWarz\Debug\Perspective.pdb" /TLBID:1 /DYNAMICBASE /NXCOMPAT /IMPLIB:"\\banner.main.ad.rit.edu\students\rbv7405\IGMProfile\Desktop\GitHub\GeometryWarz\GeometryWarz\Debug\Perspective.lib" /MACHINE:X86 Debug\Cube.obj
         Debug\main.obj
         Debug\InitShader.obj
         Debug\Octahedron.obj
         Debug\Polyhedron.obj
         Debug\Tetrahedron.obj
         Example1.vcxproj -> \\banner.main.ad.rit.edu\students\rbv7405\IGMProfile\Desktop\GitHub\GeometryWarz\GeometryWarz\Debug\Perspective.exe
       PostBuildEvent:
         xcopy "\\banner.main.ad.rit.edu\students\rbv7405\IGMProfile\Desktop\GitHub\GeometryWarz\GeometryWarz\GL\x86\bin" "\\banner.main.ad.rit.edu\students\rbv7405\IGMProfile\Desktop\GitHub\GeometryWarz\GeometryWarz\Debug" /y
         :VCEnd
         \\banner.main.ad.rit.edu\students\rbv7405\IGMProfile\Desktop\GitHub\GeometryWarz\GeometryWarz\GL\x86\bin\freeglut.dll
         \\banner.main.ad.rit.edu\students\rbv7405\IGMProfile\Desktop\GitHub\GeometryWarz\GeometryWarz\GL\x86\bin\glew32.dll
         \\banner.main.ad.rit.edu\students\rbv7405\IGMProfile\Desktop\GitHub\GeometryWarz\GeometryWarz\GL\x86\bin\glew32mx.dll
         \\banner.main.ad.rit.edu\students\rbv7405\IGMProfile\Desktop\GitHub\GeometryWarz\GeometryWarz\GL\x86\bin\GLFW.dll
         4 File(s) copied
     1>Done Building Project "\\banner.main.ad.rit.edu\students\rbv7405\IGMProfile\Desktop\GitHub\GeometryWarz\GeometryWarz\Example1\Example1.vcxproj" (Build target(s)).

Build succeeded.

Time Elapsed 00:00:07.34
